<?xml version="1.0" encoding="UTF-8"?>
<!-- Generated by org.testng.reporters.JUnitReportReporter -->
<testsuite hostname="PF35KF9N" failures="0" tests="1" name="Testng_Exercise12" time="0.572" errors="0" timestamp="2023-03-16T20:47:02 CET" skipped="0">
  <testcase classname="Testng_Exercise12" name="LoginWithCorrectUsernameCorrectPasswordTest" time="0.572"/>
  <system-out/>
</testsuite> <!-- Testng_Exercise12 -->
