<?xml version="1.0" encoding="UTF-8"?>
<!-- Generated by org.testng.reporters.JUnitReportReporter -->
<testsuite hostname="PF35KF9N" failures="0" tests="1" name="Exercise_IPO" time="1.717" errors="0" timestamp="2023-03-19T13:50:42 CET" skipped="0">
  <testcase classname="Exercise_IPO" name="logInWithCorrectUsernameAndPassword" time="1.717"/>
  <system-out/>
</testsuite> <!-- Exercise_IPO -->
