<?xml version="1.0" encoding="UTF-8"?>
<!-- Generated by org.testng.reporters.JUnitReportReporter -->
<testsuite hostname="PF35KF9N" failures="0" tests="1" name="Exercise_CustomControl" time="2.229" errors="0" timestamp="2023-03-20T21:20:48 CET" skipped="0">
  <testcase classname="Exercise_CustomControl" name="validCreation" time="2.229"/>
  <system-out/>
</testsuite> <!-- Exercise_CustomControl -->
