<?xml version="1.0" encoding="UTF-8"?>
<!-- Generated by org.testng.reporters.JUnitReportReporter -->
<testsuite hostname="PF35KF9N" failures="0" tests="1" name="Testng_ex12" time="0.562" errors="0" timestamp="2023-03-14T19:59:29 CET" skipped="0">
  <testcase classname="Testng_ex12" name="LoginWithCorrectUsernameCorrectPasswordTest" time="0.562"/>
  <system-out/>
</testsuite> <!-- Testng_ex12 -->
