<?xml version="1.0" encoding="UTF-8"?>
<!-- Generated by org.testng.reporters.JUnitReportReporter -->
<testsuite hostname="PF35KF9N" failures="0" tests="1" name="Exercise_DataHolder" time="1.162" errors="0" timestamp="2023-03-20T19:46:36 CET" skipped="0">
  <testcase classname="Exercise_DataHolder" name="createSuccessfullConnenction" time="1.162"/>
  <system-out/>
</testsuite> <!-- Exercise_DataHolder -->
